{"uuid":"17210647-e7ca-404e-a7ea-64c0a8027945","historyId":"ab5493e706fb94b0758eec6e01a4198d","fullName":"org.example.tests.VWO.vwo_test.vwo","labels":[{"name":"package","value":"org.example.tests.VWO.vwo_test"},{"name":"testClass","value":"org.example.tests.VWO.vwo_test"},{"name":"testMethod","value":"vwo"},{"name":"parentSuite","value":"Default Suite"},{"name":"suite","value":"FrameworkDesign"},{"name":"subSuite","value":"org.example.tests.VWO.vwo_test"},{"name":"host","value":"LAPTOP-RGO8VE7Q"},{"name":"thread","value":"16072@LAPTOP-RGO8VE7Q.main(1)"},{"name":"framework","value":"testng"},{"name":"language","value":"java"}],"links":[],"name":"vwo","status":"failed","statusDetails":{"known":false,"muted":false,"flaky":false,"message":"error msg is not matching expected [Your email, password, IP address or location did not match] but found [[[ChromeDriver: chrome on windows (e90ffd414bdcf4cacf91ce42738f7847)] -> xpath: //div[@id='js-notification-box-msg']]]","trace":"java.lang.AssertionError: error msg is not matching expected [Your email, password, IP address or location did not match] but found [[[ChromeDriver: chrome on windows (e90ffd414bdcf4cacf91ce42738f7847)] -> xpath: //div[@id='js-notification-box-msg']]]\r\n\tat org.testng.Assert.fail(Assert.java:111)\r\n\tat org.testng.Assert.failNotEquals(Assert.java:1578)\r\n\tat org.testng.Assert.assertEqualsImpl(Assert.java:150)\r\n\tat org.testng.Assert.assertEquals(Assert.java:132)\r\n\tat org.example.tests.VWO.vwo_test.vwo(vwo_test.java:33)\r\n\tat java.base/jdk.internal.reflect.DirectMethodHandleAccessor.invoke(DirectMethodHandleAccessor.java:103)\r\n\tat java.base/java.lang.reflect.Method.invoke(Method.java:580)\r\n\tat org.testng.internal.invokers.MethodInvocationHelper.invokeMethod(MethodInvocationHelper.java:139)\r\n\tat org.testng.internal.invokers.TestInvoker.invokeMethod(TestInvoker.java:664)\r\n\tat org.testng.internal.invokers.TestInvoker.invokeTestMethod(TestInvoker.java:228)\r\n\tat org.testng.internal.invokers.MethodRunner.runInSequence(MethodRunner.java:63)\r\n\tat org.testng.internal.invokers.TestInvoker$MethodInvocationAgent.invoke(TestInvoker.java:961)\r\n\tat org.testng.internal.invokers.TestInvoker.invokeTestMethods(TestInvoker.java:201)\r\n\tat org.testng.internal.invokers.TestMethodWorker.invokeTestMethods(TestMethodWorker.java:148)\r\n\tat org.testng.internal.invokers.TestMethodWorker.run(TestMethodWorker.java:128)\r\n\tat java.base/java.util.ArrayList.forEach(ArrayList.java:1596)\r\n\tat org.testng.TestRunner.privateRun(TestRunner.java:819)\r\n\tat org.testng.TestRunner.run(TestRunner.java:619)\r\n\tat org.testng.SuiteRunner.runTest(SuiteRunner.java:443)\r\n\tat org.testng.SuiteRunner.runSequentially(SuiteRunner.java:437)\r\n\tat org.testng.SuiteRunner.privateRun(SuiteRunner.java:397)\r\n\tat org.testng.SuiteRunner.run(SuiteRunner.java:336)\r\n\tat org.testng.SuiteRunnerWorker.runSuite(SuiteRunnerWorker.java:52)\r\n\tat org.testng.SuiteRunnerWorker.run(SuiteRunnerWorker.java:95)\r\n\tat org.testng.TestNG.runSuitesSequentially(TestNG.java:1301)\r\n\tat org.testng.TestNG.runSuitesLocally(TestNG.java:1228)\r\n\tat org.testng.TestNG.runSuites(TestNG.java:1134)\r\n\tat org.testng.TestNG.run(TestNG.java:1101)\r\n\tat com.intellij.rt.testng.IDEARemoteTestNG.run(IDEARemoteTestNG.java:65)\r\n\tat com.intellij.rt.testng.RemoteTestNGStarter.main(RemoteTestNGStarter.java:105)\r\n"},"stage":"finished","steps":[],"attachments":[],"parameters":[],"start":1751693601075,"stop":1751693618000}